Flow report for edgeDetector
Thu May  4 11:18:14 2023
Quartus Prime Version 20.1.0 Build 711 06/05/2020 SJ Lite Edition


---------------------
; Table of Contents ;
---------------------
  1. Legal Notice
  2. Flow Summary
  3. Flow Settings
  4. Flow Non-Default Global Settings
  5. Flow Elapsed Time
  6. Flow OS Summary
  7. Flow Log
  8. Flow Messages
  9. Flow Suppressed Messages



----------------
; Legal Notice ;
----------------
Copyright (C) 2020  Intel Corporation. All rights reserved.
Your use of Intel Corporation's design tools, logic functions 
and other software and tools, and any partner logic 
functions, and any output files from any of the foregoing 
(including device programming or simulation files), and any 
associated documentation or information are expressly subject 
to the terms and conditions of the Intel Program License 
Subscription Agreement, the Intel Quartus Prime License Agreement,
the Intel FPGA IP License Agreement, or other applicable license
agreement, including, without limitation, that your use is for
the sole purpose of programming logic devices manufactured by
Intel and sold by Intel or its authorized distributors.  Please
refer to the applicable agreement for further details, at
https://fpgasoftware.intel.com/eula.



+-------------------------------------------------------------------------------+
; Flow Summary                                                                  ;
+---------------------------------+---------------------------------------------+
; Flow Status                     ; Successful - Thu May  4 11:18:14 2023       ;
; Quartus Prime Version           ; 20.1.0 Build 711 06/05/2020 SJ Lite Edition ;
; Revision Name                   ; edgeDetector                                ;
; Top-level Entity Name           ; edgeDetector                                ;
; Family                          ; Cyclone V                                   ;
; Device                          ; 5CSEBA6U23I7S                               ;
; Timing Models                   ; Final                                       ;
; Logic utilization (in ALMs)     ; 232 / 41,910 ( < 1 % )                      ;
; Total registers                 ; 434                                         ;
; Total pins                      ; 13 / 314 ( 4 % )                            ;
; Total virtual pins              ; 0                                           ;
; Total block memory bits         ; 640 / 5,662,720 ( < 1 % )                   ;
; Total DSP Blocks                ; 0 / 112 ( 0 % )                             ;
; Total HSSI RX PCSs              ; 0                                           ;
; Total HSSI PMA RX Deserializers ; 0                                           ;
; Total HSSI TX PCSs              ; 0                                           ;
; Total HSSI PMA TX Serializers   ; 0                                           ;
; Total PLLs                      ; 0 / 6 ( 0 % )                               ;
; Total DLLs                      ; 0 / 4 ( 0 % )                               ;
+---------------------------------+---------------------------------------------+


+-----------------------------------------+
; Flow Settings                           ;
+-------------------+---------------------+
; Option            ; Setting             ;
+-------------------+---------------------+
; Start date & time ; 05/04/2023 11:16:50 ;
; Main task         ; Compilation         ;
; Revision Name     ; edgeDetector        ;
+-------------------+---------------------+


+-----------------------------------------------------------------------------------------------------------------------------------------------------------------+
; Flow Non-Default Global Settings                                                                                                                                ;
+-------------------------------------+---------------------------------------------------------+---------------+-------------+-----------------------------------+
; Assignment Name                     ; Value                                                   ; Default Value ; Entity Name ; Section Id                        ;
+-------------------------------------+---------------------------------------------------------+---------------+-------------+-----------------------------------+
; COMPILER_SIGNATURE_ID               ; 8796762995436.168319181024701                           ; --            ; --          ; --                                ;
; EDA_GENERATE_FUNCTIONAL_NETLIST     ; Off                                                     ; --            ; --          ; eda_board_design_timing           ;
; EDA_GENERATE_FUNCTIONAL_NETLIST     ; Off                                                     ; --            ; --          ; eda_board_design_boundary_scan    ;
; EDA_GENERATE_FUNCTIONAL_NETLIST     ; Off                                                     ; --            ; --          ; eda_board_design_signal_integrity ;
; EDA_GENERATE_FUNCTIONAL_NETLIST     ; Off                                                     ; --            ; --          ; eda_board_design_symbol           ;
; EDA_OUTPUT_DATA_FORMAT              ; Vhdl                                                    ; --            ; --          ; eda_simulation                    ;
; EDA_SIMULATION_TOOL                 ; ModelSim-Altera (VHDL)                                  ; <None>        ; --          ; --                                ;
; EDA_TIME_SCALE                      ; 1 ps                                                    ; --            ; --          ; eda_simulation                    ;
; ENABLE_SIGNALTAP                    ; On                                                      ; --            ; --          ; --                                ;
; MAX_CORE_JUNCTION_TEMP              ; 100                                                     ; --            ; --          ; --                                ;
; MIN_CORE_JUNCTION_TEMP              ; -40                                                     ; --            ; --          ; --                                ;
; PARTITION_COLOR                     ; -- (Not supported for targeted family)                  ; --            ; --          ; Top                               ;
; PARTITION_FITTER_PRESERVATION_LEVEL ; -- (Not supported for targeted family)                  ; --            ; --          ; Top                               ;
; PARTITION_NETLIST_TYPE              ; -- (Not supported for targeted family)                  ; --            ; --          ; Top                               ;
; PROJECT_OUTPUT_DIRECTORY            ; output_files                                            ; --            ; --          ; --                                ;
; SLD_FILE                            ; db/stp3_auto_stripped.stp                               ; --            ; --          ; --                                ;
; SLD_NODE_CREATOR_ID                 ; 110                                                     ; --            ; --          ; auto_signaltap_0                  ;
; SLD_NODE_ENTITY_NAME                ; sld_signaltap                                           ; --            ; --          ; auto_signaltap_0                  ;
; SLD_NODE_PARAMETER_ASSIGNMENT       ; SLD_RAM_BLOCK_TYPE=AUTO                                 ; --            ; --          ; auto_signaltap_0                  ;
; SLD_NODE_PARAMETER_ASSIGNMENT       ; SLD_NODE_INFO=805334528                                 ; --            ; --          ; auto_signaltap_0                  ;
; SLD_NODE_PARAMETER_ASSIGNMENT       ; SLD_POWER_UP_TRIGGER=0                                  ; --            ; --          ; auto_signaltap_0                  ;
; SLD_NODE_PARAMETER_ASSIGNMENT       ; SLD_STORAGE_QUALIFIER_INVERSION_MASK_LENGTH=0           ; --            ; --          ; auto_signaltap_0                  ;
; SLD_NODE_PARAMETER_ASSIGNMENT       ; SLD_SEGMENT_SIZE=128                                    ; --            ; --          ; auto_signaltap_0                  ;
; SLD_NODE_PARAMETER_ASSIGNMENT       ; SLD_ATTRIBUTE_MEM_MODE=OFF                              ; --            ; --          ; auto_signaltap_0                  ;
; SLD_NODE_PARAMETER_ASSIGNMENT       ; SLD_STATE_FLOW_USE_GENERATED=0                          ; --            ; --          ; auto_signaltap_0                  ;
; SLD_NODE_PARAMETER_ASSIGNMENT       ; SLD_STATE_BITS=11                                       ; --            ; --          ; auto_signaltap_0                  ;
; SLD_NODE_PARAMETER_ASSIGNMENT       ; SLD_BUFFER_FULL_STOP=1                                  ; --            ; --          ; auto_signaltap_0                  ;
; SLD_NODE_PARAMETER_ASSIGNMENT       ; SLD_CURRENT_RESOURCE_WIDTH=1                            ; --            ; --          ; auto_signaltap_0                  ;
; SLD_NODE_PARAMETER_ASSIGNMENT       ; SLD_INCREMENTAL_ROUTING=1                               ; --            ; --          ; auto_signaltap_0                  ;
; SLD_NODE_PARAMETER_ASSIGNMENT       ; SLD_TRIGGER_LEVEL=1                                     ; --            ; --          ; auto_signaltap_0                  ;
; SLD_NODE_PARAMETER_ASSIGNMENT       ; SLD_SAMPLE_DEPTH=128                                    ; --            ; --          ; auto_signaltap_0                  ;
; SLD_NODE_PARAMETER_ASSIGNMENT       ; SLD_TRIGGER_IN_ENABLED=0                                ; --            ; --          ; auto_signaltap_0                  ;
; SLD_NODE_PARAMETER_ASSIGNMENT       ; SLD_TRIGGER_PIPELINE=0                                  ; --            ; --          ; auto_signaltap_0                  ;
; SLD_NODE_PARAMETER_ASSIGNMENT       ; SLD_RAM_PIPELINE=0                                      ; --            ; --          ; auto_signaltap_0                  ;
; SLD_NODE_PARAMETER_ASSIGNMENT       ; SLD_COUNTER_PIPELINE=0                                  ; --            ; --          ; auto_signaltap_0                  ;
; SLD_NODE_PARAMETER_ASSIGNMENT       ; SLD_ADVANCED_TRIGGER_ENTITY=basic,1,                    ; --            ; --          ; auto_signaltap_0                  ;
; SLD_NODE_PARAMETER_ASSIGNMENT       ; SLD_TRIGGER_LEVEL_PIPELINE=1                            ; --            ; --          ; auto_signaltap_0                  ;
; SLD_NODE_PARAMETER_ASSIGNMENT       ; SLD_ENABLE_ADVANCED_TRIGGER=0                           ; --            ; --          ; auto_signaltap_0                  ;
; SLD_NODE_PARAMETER_ASSIGNMENT       ; SLD_DATA_BITS=5                                         ; --            ; --          ; auto_signaltap_0                  ;
; SLD_NODE_PARAMETER_ASSIGNMENT       ; SLD_TRIGGER_BITS=5                                      ; --            ; --          ; auto_signaltap_0                  ;
; SLD_NODE_PARAMETER_ASSIGNMENT       ; SLD_STORAGE_QUALIFIER_BITS=5                            ; --            ; --          ; auto_signaltap_0                  ;
; SLD_NODE_PARAMETER_ASSIGNMENT       ; SLD_INVERSION_MASK=000000000000000000000000000000000000 ; --            ; --          ; auto_signaltap_0                  ;
; SLD_NODE_PARAMETER_ASSIGNMENT       ; SLD_INVERSION_MASK_LENGTH=36                            ; --            ; --          ; auto_signaltap_0                  ;
; USE_SIGNALTAP_FILE                  ; stp3.stp                                                ; --            ; --          ; --                                ;
+-------------------------------------+---------------------------------------------------------+---------------+-------------+-----------------------------------+


+--------------------------------------------------------------------------------------------------------------------------+
; Flow Elapsed Time                                                                                                        ;
+----------------------+--------------+-------------------------+---------------------+------------------------------------+
; Module Name          ; Elapsed Time ; Average Processors Used ; Peak Virtual Memory ; Total CPU Time (on all processors) ;
+----------------------+--------------+-------------------------+---------------------+------------------------------------+
; Analysis & Synthesis ; 00:00:19     ; 1.0                     ; 532 MB              ; 00:00:14                           ;
; Fitter               ; 00:00:48     ; 1.0                     ; 1501 MB             ; 00:00:38                           ;
; Assembler            ; 00:00:05     ; 1.0                     ; 515 MB              ; 00:00:03                           ;
; Timing Analyzer      ; 00:00:06     ; 1.0                     ; 810 MB              ; 00:00:04                           ;
; EDA Netlist Writer   ; 00:00:02     ; 1.0                     ; 691 MB              ; 00:00:02                           ;
; Total                ; 00:01:20     ; --                      ; --                  ; 00:01:01                           ;
+----------------------+--------------+-------------------------+---------------------+------------------------------------+


+--------------------------------------------------------------------------------------+
; Flow OS Summary                                                                      ;
+----------------------+------------------+--------------+------------+----------------+
; Module Name          ; Machine Hostname ; OS Name      ; OS Version ; Processor type ;
+----------------------+------------------+--------------+------------+----------------+
; Analysis & Synthesis ; osboxes          ; Ubuntu 22.04 ; 22         ; x86_64         ;
; Fitter               ; osboxes          ; Ubuntu 22.04 ; 22         ; x86_64         ;
; Assembler            ; osboxes          ; Ubuntu 22.04 ; 22         ; x86_64         ;
; Timing Analyzer      ; osboxes          ; Ubuntu 22.04 ; 22         ; x86_64         ;
; EDA Netlist Writer   ; osboxes          ; Ubuntu 22.04 ; 22         ; x86_64         ;
+----------------------+------------------+--------------+------------+----------------+


------------
; Flow Log ;
------------
quartus_map --read_settings_files=on --write_settings_files=off edgeDetector -c edgeDetector
quartus_fit --read_settings_files=off --write_settings_files=off edgeDetector -c edgeDetector
quartus_asm --read_settings_files=off --write_settings_files=off edgeDetector -c edgeDetector
quartus_sta edgeDetector -c edgeDetector
quartus_eda --read_settings_files=off --write_settings_files=off edgeDetector -c edgeDetector



